<?xml version="1.0" encoding="UTF-8"?>
<!-- Generated by org.testng.reporters.JUnitXMLReporter -->
<testsuite ignored="4" hostname="DESKTOP-K6N0JTF" failures="1" tests="10" name="Test" time="39.319" errors="0" timestamp="2022-11-07T09:32:37 EET">
  <testcase classname="Testcase.testLogin" name="testInpatientUserLogin" time="1.722"/>
  <testcase classname="Testcase.testLogin" name="testIsolationUserLogin" time="1.058"/>
  <testcase classname="Testcase.testLogin" name="testlaboratoryUserLogin" time="1.155"/>
  <testcase classname="Testcase.testLogin" name="testoutpatientclinicUserLogin" time="1.138"/>
  <testcase classname="Testcase.testLogin" name="pharmacyUserLogin" time="1.135"/>
  <testcase classname="Testcase.testLogin" name="registerdiskUserLogin" time="1.134"/>
  <testcase classname="Testcase.testLogin" name="registerWithDataProvider" time="1.202"/>
  <testcase classname="Testcase.testLogin" name="registerWithDataProvider" time="1.123"/>
  <testcase classname="Testcase.testRegister" name="setDemographics" time="2.778"/>
  <testcase classname="Testcase.testSearchpatient" name="searchpatient" time="0.067">
    <failure type="org.openqa.selenium.ElementNotInteractableException" message="Element &amp;lt;tr class=&amp;quot;odd&amp;quot;&amp;gt; could not be scrolled into view
Build info: version: &amp;apos;4.5.0&amp;apos;, revision: &amp;apos;fe167b119a&amp;apos;
System info: os.name: &amp;apos;Windows 10&amp;apos;, os.arch: &amp;apos;amd64&amp;apos;, os.version: &amp;apos;10.0&amp;apos;, java.version: &amp;apos;19.0.1&amp;apos;
Driver info: org.openqa.selenium.firefox.FirefoxDriver
Command: [5a62b3e7-5d51-46d6-b55e-2452337d4186, clickElement {id=ced4e2ad-99e1-4855-85fa-3ab2fd441a87}]
Capabilities {acceptInsecureCerts: true, browserName: firefox, browserVersion: 106.0.5, moz:accessibilityChecks: false, moz:buildID: 20221104133228, moz:debuggerAddress: 127.0.0.1:60578, moz:geckodriverVersion: 0.31.0, moz:headless: false, moz:platformVersion: 10.0, moz:processID: 8268, moz:profile: C:\Users\Eslam\AppData\Loca..., moz:shutdownTimeout: 60000, moz:useNonSpecCompliantPointerOrigin: false, moz:webdriverClick: true, moz:windowless: false, pageLoadStrategy: normal, platformName: WINDOWS, proxy: Proxy(), se:cdp: ws://127.0.0.1:60578/devtoo..., se:cdpVersion: 85.0, setWindowRect: true, strictFileInteractability: false, timeouts: {implicit: 0, pageLoad: 300000, script: 30000}, unhandledPromptBehavior: dismiss and notify}
Element: [[FirefoxDriver: firefox on WINDOWS (5a62b3e7-5d51-46d6-b55e-2452337d4186)] -&amp;gt; xpath: //table//tbody//tr[1]]
Session ID: 5a62b3e7-5d51-46d6-b55e-2452337d4186">
      <![CDATA[org.openqa.selenium.ElementNotInteractableException: Element <tr class="odd"> could not be scrolled into view
Build info: version: '4.5.0', revision: 'fe167b119a'
System info: os.name: 'Windows 10', os.arch: 'amd64', os.version: '10.0', java.version: '19.0.1'
Driver info: org.openqa.selenium.firefox.FirefoxDriver
Command: [5a62b3e7-5d51-46d6-b55e-2452337d4186, clickElement {id=ced4e2ad-99e1-4855-85fa-3ab2fd441a87}]
Capabilities {acceptInsecureCerts: true, browserName: firefox, browserVersion: 106.0.5, moz:accessibilityChecks: false, moz:buildID: 20221104133228, moz:debuggerAddress: 127.0.0.1:60578, moz:geckodriverVersion: 0.31.0, moz:headless: false, moz:platformVersion: 10.0, moz:processID: 8268, moz:profile: C:\Users\Eslam\AppData\Loca..., moz:shutdownTimeout: 60000, moz:useNonSpecCompliantPointerOrigin: false, moz:webdriverClick: true, moz:windowless: false, pageLoadStrategy: normal, platformName: WINDOWS, proxy: Proxy(), se:cdp: ws://127.0.0.1:60578/devtoo..., se:cdpVersion: 85.0, setWindowRect: true, strictFileInteractability: false, timeouts: {implicit: 0, pageLoad: 300000, script: 30000}, unhandledPromptBehavior: dismiss and notify}
Element: [[FirefoxDriver: firefox on WINDOWS (5a62b3e7-5d51-46d6-b55e-2452337d4186)] -> xpath: //table//tbody//tr[1]]
Session ID: 5a62b3e7-5d51-46d6-b55e-2452337d4186
at org.openqa.selenium.remote.codec.w3c.W3CHttpResponseCodec.createException(W3CHttpResponseCodec.java:200)
at org.openqa.selenium.remote.codec.w3c.W3CHttpResponseCodec.decode(W3CHttpResponseCodec.java:133)
at org.openqa.selenium.remote.codec.w3c.W3CHttpResponseCodec.decode(W3CHttpResponseCodec.java:53)
at org.openqa.selenium.remote.HttpCommandExecutor.execute(HttpCommandExecutor.java:184)
at org.openqa.selenium.remote.service.DriverCommandExecutor.invokeExecute(DriverCommandExecutor.java:167)
at org.openqa.selenium.remote.service.DriverCommandExecutor.execute(DriverCommandExecutor.java:142)
at org.openqa.selenium.remote.RemoteWebDriver.execute(RemoteWebDriver.java:547)
at org.openqa.selenium.remote.RemoteWebElement.execute(RemoteWebElement.java:257)
at org.openqa.selenium.remote.RemoteWebElement.click(RemoteWebElement.java:78)
at Pages.SearchPatient.clicksearched(SearchPatient.java:22)
at Testcase.testSearchpatient.searchpatient(testSearchpatient.java:25)
at java.base/java.util.ArrayList.forEach(ArrayList.java:1511)
... Removed 28 stack frames]]>
    </failure>
  </testcase> <!-- searchpatient -->
  <testcase classname="Testcase.driverconstructor" name="@AfterTest teardown" time="0.0">
    <ignored/>
  </testcase> <!-- @AfterTest teardown -->
  <testcase classname="Testcase.driverconstructor" name="@AfterTest teardown" time="0.0">
    <ignored/>
  </testcase> <!-- @AfterTest teardown -->
  <testcase classname="Testcase.driverconstructor" name="@BeforeTest setUp" time="0.0">
    <ignored/>
  </testcase> <!-- @BeforeTest setUp -->
  <testcase classname="Testcase.driverconstructor" name="@BeforeTest setUp" time="0.0">
    <ignored/>
  </testcase> <!-- @BeforeTest setUp -->
</testsuite> <!-- Test -->
